{
  "stats": {
    "suites": 1,
    "tests": 1,
    "passes": 0,
    "pending": 0,
    "failures": 1,
    "start": "2025-10-15T03:46:32.588Z",
    "end": "2025-10-15T03:46:38.970Z",
    "duration": 6382,
    "testsRegistered": 1,
    "passPercent": 0,
    "pendingPercent": 0,
    "other": 0,
    "hasOther": false,
    "skipped": 0,
    "hasSkipped": false
  },
  "results": [
    {
      "uuid": "25f5f762-d9ce-47b7-a104-3ed8540d084f",
      "title": "",
      "fullFile": "cypress\\e2e\\SEO_Testing.cy.js",
      "file": "cypress\\e2e\\SEO_Testing.cy.js",
      "beforeHooks": [],
      "afterHooks": [],
      "tests": [],
      "suites": [
        {
          "uuid": "52b29693-a786-41d3-9c6e-be36c860d489",
          "title": "SEO Testing for HomePage",
          "fullFile": "",
          "file": "",
          "beforeHooks": [],
          "afterHooks": [],
          "tests": [
            {
              "title": "Check broken links",
              "fullTitle": "SEO Testing for HomePage Check broken links",
              "timedOut": null,
              "duration": 3935,
              "state": "failed",
              "speed": null,
              "pass": false,
              "fail": true,
              "pending": false,
              "context": null,
              "code": "cy.get('a[href]').each(($a, index) => {\n  const requests = [];\n  $links.each((index, a) => {\n    const href = a.href;\n    const linkText = a.innerText.trim() || 'No text';\n    if (href && href.startsWith('http')) {\n      cy.request({\n        url: href,\n        failOnStatusCode: false\n      }).then(reps => {\n        if (reps.status >= 400) {\n          cy.log(`Failed, Link #${index + 1} is broken. \"${href}\": \"${linkText}\" (status: ${reps.status})`);\n        } else {\n          cy.log(`Passed, Link #${index + 1} is valid. \"${href}\": \"${linkText}\" (status: ${reps.status})`);\n        }\n      });\n      requests.push(req);\n    }\n  });\n  return Cypress.Promise.all(requests);\n});",
              "err": {
                "message": "ReferenceError: $links is not defined",
                "estack": "ReferenceError: $links is not defined\n    at Context.eval (webpack://tieuthuyet_testing/./cypress/e2e/SEO_Testing.cy.js:100:12)\n    at Context.callback (https://tieuthuyet.vn/__cypress/runner/cypress_runner.js:122302:26)\n    at getRet (https://tieuthuyet.vn/__cypress/runner/cypress_runner.js:122067:20)\n    at tryCatcher (https://tieuthuyet.vn/__cypress/runner/cypress_runner.js:1777:23)\n    at Promise.attempt.Promise.try (https://tieuthuyet.vn/__cypress/runner/cypress_runner.js:4285:29)\n    at thenFn (https://tieuthuyet.vn/__cypress/runner/cypress_runner.js:122078:66)\n    at yieldItem (https://tieuthuyet.vn/__cypress/runner/cypress_runner.js:122310:16)\n    at tryCatcher (https://tieuthuyet.vn/__cypress/runner/cypress_runner.js:1777:23)\n    at Object.gotValue (https://tieuthuyet.vn/__cypress/runner/cypress_runner.js:6446:18)\n    at Object.gotAccum (https://tieuthuyet.vn/__cypress/runner/cypress_runner.js:6435:25)",
                "diff": null
              },
              "uuid": "a16908f5-84c8-4f5d-b65d-65d11d2bc39a",
              "parentUUID": "52b29693-a786-41d3-9c6e-be36c860d489",
              "isHook": false,
              "skipped": false
            }
          ],
          "suites": [],
          "passes": [],
          "failures": [
            "a16908f5-84c8-4f5d-b65d-65d11d2bc39a"
          ],
          "pending": [],
          "skipped": [],
          "duration": 3935,
          "root": false,
          "rootEmpty": false,
          "_timeout": 2000
        }
      ],
      "passes": [],
      "failures": [],
      "pending": [],
      "skipped": [],
      "duration": 0,
      "root": true,
      "rootEmpty": true,
      "_timeout": 2000
    }
  ],
  "meta": {
    "mocha": {
      "version": "7.2.0"
    },
    "mochawesome": {
      "options": {
        "quiet": false,
        "reportFilename": "mochawesome",
        "saveHtml": false,
        "saveJson": true,
        "consoleReporter": "spec",
        "useInlineDiffs": false,
        "code": true
      },
      "version": "7.1.4"
    },
    "marge": {
      "options": {
        "reportDir": "cypress\\reports\\mochawesome-report\\.jsons",
        "overwrite": false,
        "html": false,
        "json": true,
        "video": false,
        "screenshotOnRunFailure": true
      },
      "version": "6.3.0"
    }
  }
}