{
  "stats": {
    "suites": 1,
    "tests": 1,
    "passes": 0,
    "pending": 0,
    "failures": 1,
    "start": "2025-10-15T03:48:04.485Z",
    "end": "2025-10-15T03:48:10.565Z",
    "duration": 6080,
    "testsRegistered": 1,
    "passPercent": 0,
    "pendingPercent": 0,
    "other": 0,
    "hasOther": false,
    "skipped": 0,
    "hasSkipped": false
  },
  "results": [
    {
      "uuid": "9711d5ff-27db-41be-831b-4e227fbbf2e4",
      "title": "",
      "fullFile": "cypress\\e2e\\SEO_Testing.cy.js",
      "file": "cypress\\e2e\\SEO_Testing.cy.js",
      "beforeHooks": [],
      "afterHooks": [],
      "tests": [],
      "suites": [
        {
          "uuid": "687810ee-0f65-461f-83bd-3844713fc251",
          "title": "SEO Testing for HomePage",
          "fullFile": "",
          "file": "",
          "beforeHooks": [],
          "afterHooks": [],
          "tests": [
            {
              "title": "Check broken links",
              "fullTitle": "SEO Testing for HomePage Check broken links",
              "timedOut": null,
              "duration": 3692,
              "state": "failed",
              "speed": null,
              "pass": false,
              "fail": true,
              "pending": false,
              "context": null,
              "code": "cy.get('a[href]').then($links => {\n  const requests = [];\n  $links.each((index, a) => {\n    const href = a.href;\n    const linkText = a.innerText.trim() || 'No text';\n    if (href && href.startsWith('http')) {\n      cy.request({\n        url: href,\n        failOnStatusCode: false\n      }).then(reps => {\n        if (reps.status >= 400) {\n          cy.log(`Failed, Link #${index + 1} is broken. \"${href}\": \"${linkText}\" (status: ${reps.status})`);\n        } else {\n          cy.log(`Passed, Link #${index + 1} is valid. \"${href}\": \"${linkText}\" (status: ${reps.status})`);\n        }\n      });\n      requests.push(req);\n    }\n  });\n  return Cypress.Promise.all(requests);\n});",
              "err": {
                "message": "ReferenceError: req is not defined",
                "estack": "ReferenceError: req is not defined\n    at HTMLAnchorElement.eval (webpack://tieuthuyet_testing/./cypress/e2e/SEO_Testing.cy.js:112:34)\n    at d.each (https://tieuthuyet.vn/assets/js/jquery.min.js:1:3036)\n    at d.fn.init.each (https://tieuthuyet.vn/assets/js/jquery.min.js:1:996)\n    at Context.eval (webpack://tieuthuyet_testing/./cypress/e2e/SEO_Testing.cy.js:100:19)\n    at getRet (https://tieuthuyet.vn/__cypress/runner/cypress_runner.js:122067:20)\n    at tryCatcher (https://tieuthuyet.vn/__cypress/runner/cypress_runner.js:1777:23)\n    at Promise.attempt.Promise.try (https://tieuthuyet.vn/__cypress/runner/cypress_runner.js:4285:29)\n    at Context.thenFn (https://tieuthuyet.vn/__cypress/runner/cypress_runner.js:122078:66)\n    at Context.then (https://tieuthuyet.vn/__cypress/runner/cypress_runner.js:122329:21)\n    at wrapped (https://tieuthuyet.vn/__cypress/runner/cypress_runner.js:145489:19)",
                "diff": null
              },
              "uuid": "854ca6b8-b10b-4a0a-bbf3-bf16cc797b95",
              "parentUUID": "687810ee-0f65-461f-83bd-3844713fc251",
              "isHook": false,
              "skipped": false
            }
          ],
          "suites": [],
          "passes": [],
          "failures": [
            "854ca6b8-b10b-4a0a-bbf3-bf16cc797b95"
          ],
          "pending": [],
          "skipped": [],
          "duration": 3692,
          "root": false,
          "rootEmpty": false,
          "_timeout": 2000
        }
      ],
      "passes": [],
      "failures": [],
      "pending": [],
      "skipped": [],
      "duration": 0,
      "root": true,
      "rootEmpty": true,
      "_timeout": 2000
    }
  ],
  "meta": {
    "mocha": {
      "version": "7.2.0"
    },
    "mochawesome": {
      "options": {
        "quiet": false,
        "reportFilename": "mochawesome",
        "saveHtml": false,
        "saveJson": true,
        "consoleReporter": "spec",
        "useInlineDiffs": false,
        "code": true
      },
      "version": "7.1.4"
    },
    "marge": {
      "options": {
        "reportDir": "cypress\\reports\\mochawesome-report\\.jsons",
        "overwrite": false,
        "html": false,
        "json": true,
        "video": false,
        "screenshotOnRunFailure": true
      },
      "version": "6.3.0"
    }
  }
}