{
  "stats": {
    "suites": 1,
    "tests": 1,
    "passes": 1,
    "pending": 0,
    "failures": 0,
    "start": "2025-10-15T02:34:35.388Z",
    "end": "2025-10-15T02:34:42.804Z",
    "duration": 7416,
    "testsRegistered": 1,
    "passPercent": 100,
    "pendingPercent": 0,
    "other": 0,
    "hasOther": false,
    "skipped": 0,
    "hasSkipped": false
  },
  "results": [
    {
      "uuid": "0d99ea5a-e0b8-4d0a-a83b-11ea63b98694",
      "title": "",
      "fullFile": "cypress\\e2e\\SEO_Testing.cy.js",
      "file": "cypress\\e2e\\SEO_Testing.cy.js",
      "beforeHooks": [],
      "afterHooks": [],
      "tests": [],
      "suites": [
        {
          "uuid": "2ae0e380-6f13-43f6-ab5a-a750a9fac2c1",
          "title": "SEO Testing for HomePage",
          "fullFile": "",
          "file": "",
          "beforeHooks": [],
          "afterHooks": [],
          "tests": [
            {
              "title": "Check alt for <img> tags",
              "fullTitle": "SEO Testing for HomePage Check alt for <img> tags",
              "timedOut": null,
              "duration": 4222,
              "state": "passed",
              "speed": "fast",
              "pass": true,
              "fail": false,
              "pending": false,
              "context": null,
              "code": "cy.get('img').each(($img, index) => {\n  const alt = $img.attr('alt');\n  const src = $img.attr('src');\n  if (!alt) {\n    cy.log(`Failed, <img> #${index + 1} missing alt. Src: ${src}`);\n    Cypress._.defer(() => {\n      throw new Error(`<img> #${index + 1} missing alt attribute`);\n    });\n  } else if (alt.trim() === \"\") {\n    cy.log(`Failed:, <img> #${index + 1} empty alt. Src: ${src}`);\n    Cypress._.defer(() => {\n      throw new Error(`<img> #${index + 1} has empty alt attribute`);\n    });\n  } else {\n    cy.log(`Passed, <img> #${index + 1} alt: \"${alt}\"`);\n  }\n});",
              "err": {},
              "uuid": "08b94ce9-ad0c-4887-9ed1-06d3205fd0a4",
              "parentUUID": "2ae0e380-6f13-43f6-ab5a-a750a9fac2c1",
              "isHook": false,
              "skipped": false
            }
          ],
          "suites": [],
          "passes": [
            "08b94ce9-ad0c-4887-9ed1-06d3205fd0a4"
          ],
          "failures": [],
          "pending": [],
          "skipped": [],
          "duration": 4222,
          "root": false,
          "rootEmpty": false,
          "_timeout": 2000
        }
      ],
      "passes": [],
      "failures": [],
      "pending": [],
      "skipped": [],
      "duration": 0,
      "root": true,
      "rootEmpty": true,
      "_timeout": 2000
    }
  ],
  "meta": {
    "mocha": {
      "version": "7.2.0"
    },
    "mochawesome": {
      "options": {
        "quiet": false,
        "reportFilename": "mochawesome",
        "saveHtml": true,
        "saveJson": true,
        "consoleReporter": "spec",
        "useInlineDiffs": false,
        "code": true
      },
      "version": "7.1.4"
    },
    "marge": {
      "options": null,
      "version": "6.3.0"
    }
  }
}